[0513/190944.076:ERROR:process_reader_win.cc(151)] SuspendThread: Access is denied. (0x5)
[0513/190944.109:ERROR:process_reader_win.cc(151)] SuspendThread: Access is denied. (0x5)
[0513/190944.061:ERROR:process_reader_win.cc(151)] SuspendThread: Access is denied. (0x5)
[0513/190944.063:ERROR:process_reader_win.cc(151)] SuspendThread: Access is denied. (0x5)
[0513/190944.074:ERROR:process_reader_win.cc(151)] SuspendThread: Access is denied. (0x5)
[0513/190944.066:ERROR:process_reader_win.cc(151)] SuspendThread: Access is denied. (0x5)
[0513/190944.229:ERROR:process_reader_win.cc(151)] SuspendThread: Access is denied. (0x5)
[0513/190944.229:ERROR:process_reader_win.cc(151)] SuspendThread: Access is denied. (0x5)
[0513/190944.229:ERROR:process_reader_win.cc(151)] SuspendThread: Access is denied. (0x5)
[0612/103535.598:ERROR:exit_code_watcher_win.cc(87)] Failed to wait for process exit or stop event
[0630/130123.735:ERROR:crash_report_database_win.cc(428)] unexpected header
[0630/131123.735:ERROR:crash_report_database_win.cc(428)] unexpected header
[0630/131123.736:ERROR:crash_report_database_win.cc(428)] unexpected header
[0630/131623.754:ERROR:crash_report_database_win.cc(428)] unexpected header
[0630/133123.761:ERROR:crash_report_database_win.cc(428)] unexpected header
[0630/134623.766:ERROR:crash_report_database_win.cc(428)] unexpected header
[0630/140124.188:ERROR:crash_report_database_win.cc(428)] unexpected header
[0630/141624.436:ERROR:crash_report_database_win.cc(428)] unexpected header
[0630/143124.440:ERROR:crash_report_database_win.cc(428)] unexpected header
[0630/144624.443:ERROR:crash_report_database_win.cc(428)] unexpected header
[0630/150124.447:ERROR:crash_report_database_win.cc(428)] unexpected header
[0630/151624.467:ERROR:crash_report_database_win.cc(428)] unexpected header
[0630/153124.467:ERROR:crash_report_database_win.cc(428)] unexpected header
[0630/154624.494:ERROR:crash_report_database_win.cc(428)] unexpected header
[0630/160124.498:ERROR:crash_report_database_win.cc(428)] unexpected header
[0630/161624.503:ERROR:crash_report_database_win.cc(428)] unexpected header
[0630/163124.505:ERROR:crash_report_database_win.cc(428)] unexpected header
[0630/164624.507:ERROR:crash_report_database_win.cc(428)] unexpected header
[0630/170124.509:ERROR:crash_report_database_win.cc(428)] unexpected header
[0630/171624.512:ERROR:crash_report_database_win.cc(428)] unexpected header
[0630/173124.514:ERROR:crash_report_database_win.cc(428)] unexpected header
[0630/174624.515:ERROR:crash_report_database_win.cc(428)] unexpected header
[0630/180124.518:ERROR:crash_report_database_win.cc(428)] unexpected header
[0630/181624.520:ERROR:crash_report_database_win.cc(428)] unexpected header
[0630/183124.523:ERROR:crash_report_database_win.cc(428)] unexpected header
[0630/184624.524:ERROR:crash_report_database_win.cc(428)] unexpected header
[0630/190124.526:ERROR:crash_report_database_win.cc(428)] unexpected header
[0630/190421.614:ERROR:crash_report_database_win.cc(428)] unexpected header
[0630/191624.528:ERROR:crash_report_database_win.cc(428)] unexpected header
[0630/193124.529:ERROR:crash_report_database_win.cc(428)] unexpected header
[0630/193504.469:ERROR:crash_report_database_win.cc(428)] unexpected header
[0630/194624.533:ERROR:crash_report_database_win.cc(428)] unexpected header
[0630/200124.537:ERROR:crash_report_database_win.cc(428)] unexpected header
[0630/201624.542:ERROR:crash_report_database_win.cc(428)] unexpected header
[0630/202422.977:ERROR:process_reader_win.cc(123)] NtOpenThread: {Access Denied} A process has requested access to an object, but has not been granted those access rights. (0xc0000022)
[0630/202423.186:ERROR:exception_snapshot_win.cc(98)] thread ID 13336 not found in process
[0701/093149.868:ERROR:crash_report_database_win.cc(428)] unexpected header
[0701/190111.282:ERROR:crash_report_database_win.cc(428)] unexpected header
[0702/091913.242:ERROR:crash_report_database_win.cc(428)] unexpected header
[0702/092913.247:ERROR:crash_report_database_win.cc(428)] unexpected header
[0702/092913.249:ERROR:crash_report_database_win.cc(428)] unexpected header
[0702/093413.246:ERROR:crash_report_database_win.cc(428)] unexpected header
[0702/094913.251:ERROR:crash_report_database_win.cc(428)] unexpected header
[0702/100413.255:ERROR:crash_report_database_win.cc(428)] unexpected header
[0702/101913.265:ERROR:crash_report_database_win.cc(428)] unexpected header
[0702/103413.269:ERROR:crash_report_database_win.cc(428)] unexpected header
[0702/104913.272:ERROR:crash_report_database_win.cc(428)] unexpected header
[0702/110413.274:ERROR:crash_report_database_win.cc(428)] unexpected header
[0702/111913.276:ERROR:crash_report_database_win.cc(428)] unexpected header
[0702/113413.280:ERROR:crash_report_database_win.cc(428)] unexpected header
[0702/114913.280:ERROR:crash_report_database_win.cc(428)] unexpected header
[0702/120413.283:ERROR:crash_report_database_win.cc(428)] unexpected header
[0702/121913.286:ERROR:crash_report_database_win.cc(428)] unexpected header
[0702/123413.289:ERROR:crash_report_database_win.cc(428)] unexpected header
[0702/124913.293:ERROR:crash_report_database_win.cc(428)] unexpected header
[0702/130413.295:ERROR:crash_report_database_win.cc(428)] unexpected header
[0702/131913.296:ERROR:crash_report_database_win.cc(428)] unexpected header
[0702/133413.298:ERROR:crash_report_database_win.cc(428)] unexpected header
[0702/134913.302:ERROR:crash_report_database_win.cc(428)] unexpected header
[0702/140413.304:ERROR:crash_report_database_win.cc(428)] unexpected header
[0702/141913.307:ERROR:crash_report_database_win.cc(428)] unexpected header
[0702/143413.311:ERROR:crash_report_database_win.cc(428)] unexpected header
[0702/144913.312:ERROR:crash_report_database_win.cc(428)] unexpected header
[0702/150413.316:ERROR:crash_report_database_win.cc(428)] unexpected header
[0702/151913.319:ERROR:crash_report_database_win.cc(428)] unexpected header
[0702/153413.322:ERROR:crash_report_database_win.cc(428)] unexpected header
[0702/154913.326:ERROR:crash_report_database_win.cc(428)] unexpected header
[0702/160413.329:ERROR:crash_report_database_win.cc(428)] unexpected header
[0702/161913.333:ERROR:crash_report_database_win.cc(428)] unexpected header
[0702/163413.363:ERROR:crash_report_database_win.cc(428)] unexpected header
[0702/164913.366:ERROR:crash_report_database_win.cc(428)] unexpected header
[0702/170413.381:ERROR:crash_report_database_win.cc(428)] unexpected header
[0702/171913.383:ERROR:crash_report_database_win.cc(428)] unexpected header
[0702/173413.387:ERROR:crash_report_database_win.cc(428)] unexpected header
[0702/174913.391:ERROR:crash_report_database_win.cc(428)] unexpected header
[0702/180413.396:ERROR:crash_report_database_win.cc(428)] unexpected header
[0702/181913.397:ERROR:crash_report_database_win.cc(428)] unexpected header
[0702/183413.399:ERROR:crash_report_database_win.cc(428)] unexpected header
[0702/184913.401:ERROR:crash_report_database_win.cc(428)] unexpected header
[0702/190413.403:ERROR:crash_report_database_win.cc(428)] unexpected header
[0703/091112.084:ERROR:crash_report_database_win.cc(428)] unexpected header
[0703/091247.668:ERROR:crash_report_database_win.cc(428)] unexpected header
[0703/092112.086:ERROR:crash_report_database_win.cc(428)] unexpected header
[0703/092112.089:ERROR:crash_report_database_win.cc(428)] unexpected header
[0703/092612.114:ERROR:crash_report_database_win.cc(428)] unexpected header
[0703/094112.118:ERROR:crash_report_database_win.cc(428)] unexpected header
[0703/095612.123:ERROR:crash_report_database_win.cc(428)] unexpected header
[0703/101112.126:ERROR:crash_report_database_win.cc(428)] unexpected header
[0703/102612.136:ERROR:crash_report_database_win.cc(428)] unexpected header
[0703/104112.142:ERROR:crash_report_database_win.cc(428)] unexpected header
[0703/105612.144:ERROR:crash_report_database_win.cc(428)] unexpected header
[0703/111112.149:ERROR:crash_report_database_win.cc(428)] unexpected header
[0703/112612.150:ERROR:crash_report_database_win.cc(428)] unexpected header
[0703/114112.154:ERROR:crash_report_database_win.cc(428)] unexpected header
[0703/115612.156:ERROR:crash_report_database_win.cc(428)] unexpected header
[0703/121112.158:ERROR:crash_report_database_win.cc(428)] unexpected header
[0703/122612.173:ERROR:crash_report_database_win.cc(428)] unexpected header
[0703/124112.175:ERROR:crash_report_database_win.cc(428)] unexpected header
[0703/125612.178:ERROR:crash_report_database_win.cc(428)] unexpected header
[0703/131112.179:ERROR:crash_report_database_win.cc(428)] unexpected header
[0703/132612.181:ERROR:crash_report_database_win.cc(428)] unexpected header
[0703/134112.187:ERROR:crash_report_database_win.cc(428)] unexpected header
[0703/135612.188:ERROR:crash_report_database_win.cc(428)] unexpected header
[0703/141112.193:ERROR:crash_report_database_win.cc(428)] unexpected header
[0703/142612.195:ERROR:crash_report_database_win.cc(428)] unexpected header
[0703/144112.217:ERROR:crash_report_database_win.cc(428)] unexpected header
[0703/145612.219:ERROR:crash_report_database_win.cc(428)] unexpected header
[0703/151112.225:ERROR:crash_report_database_win.cc(428)] unexpected header
[0703/152612.226:ERROR:crash_report_database_win.cc(428)] unexpected header
[0703/154112.227:ERROR:crash_report_database_win.cc(428)] unexpected header
[0703/155612.233:ERROR:crash_report_database_win.cc(428)] unexpected header
[0703/161112.235:ERROR:crash_report_database_win.cc(428)] unexpected header
[0703/162612.237:ERROR:crash_report_database_win.cc(428)] unexpected header
[0703/164112.240:ERROR:crash_report_database_win.cc(428)] unexpected header
[0703/165612.275:ERROR:crash_report_database_win.cc(428)] unexpected header
[0703/171112.279:ERROR:crash_report_database_win.cc(428)] unexpected header
[0703/172612.283:ERROR:crash_report_database_win.cc(428)] unexpected header
[0703/174112.285:ERROR:crash_report_database_win.cc(428)] unexpected header
[0703/175612.359:ERROR:crash_report_database_win.cc(428)] unexpected header
[0703/181039.760:ERROR:crash_report_database_win.cc(428)] unexpected header
[0703/181112.361:ERROR:crash_report_database_win.cc(428)] unexpected header
[0703/182612.364:ERROR:crash_report_database_win.cc(428)] unexpected header
[0703/184112.366:ERROR:crash_report_database_win.cc(428)] unexpected header
[0703/185612.366:ERROR:crash_report_database_win.cc(428)] unexpected header
[0703/191112.368:ERROR:crash_report_database_win.cc(428)] unexpected header
[0703/192612.370:ERROR:crash_report_database_win.cc(428)] unexpected header
[0703/194112.374:ERROR:crash_report_database_win.cc(428)] unexpected header
[0703/195612.374:ERROR:crash_report_database_win.cc(428)] unexpected header
[0703/201112.376:ERROR:crash_report_database_win.cc(428)] unexpected header
[0703/202612.377:ERROR:crash_report_database_win.cc(428)] unexpected header
[0703/204112.378:ERROR:crash_report_database_win.cc(428)] unexpected header
[0703/205612.379:ERROR:crash_report_database_win.cc(428)] unexpected header
[0703/211112.380:ERROR:crash_report_database_win.cc(428)] unexpected header
[0703/212612.382:ERROR:crash_report_database_win.cc(428)] unexpected header
[0706/090137.851:ERROR:crash_report_database_win.cc(428)] unexpected header
[0706/091137.851:ERROR:crash_report_database_win.cc(428)] unexpected header
[0706/091137.851:ERROR:crash_report_database_win.cc(428)] unexpected header
[0706/091637.918:ERROR:crash_report_database_win.cc(428)] unexpected header
[0706/093137.926:ERROR:crash_report_database_win.cc(428)] unexpected header
[0706/094637.930:ERROR:crash_report_database_win.cc(428)] unexpected header
[0706/100137.935:ERROR:crash_report_database_win.cc(428)] unexpected header
[0706/101637.939:ERROR:crash_report_database_win.cc(428)] unexpected header
[0706/103137.942:ERROR:crash_report_database_win.cc(428)] unexpected header
[0706/104637.944:ERROR:crash_report_database_win.cc(428)] unexpected header
[0706/110137.944:ERROR:crash_report_database_win.cc(428)] unexpected header
[0706/111637.949:ERROR:crash_report_database_win.cc(428)] unexpected header
[0706/113137.951:ERROR:crash_report_database_win.cc(428)] unexpected header
[0706/114638.004:ERROR:crash_report_database_win.cc(428)] unexpected header
[0706/120138.005:ERROR:crash_report_database_win.cc(428)] unexpected header
[0706/121638.006:ERROR:crash_report_database_win.cc(428)] unexpected header
[0706/123138.023:ERROR:crash_report_database_win.cc(428)] unexpected header
[0706/124638.025:ERROR:crash_report_database_win.cc(428)] unexpected header
[0706/130138.035:ERROR:crash_report_database_win.cc(428)] unexpected header
[0706/131638.069:ERROR:crash_report_database_win.cc(428)] unexpected header
[0706/133138.072:ERROR:crash_report_database_win.cc(428)] unexpected header
[0706/134638.075:ERROR:crash_report_database_win.cc(428)] unexpected header
[0706/140138.081:ERROR:crash_report_database_win.cc(428)] unexpected header
[0706/141638.090:ERROR:crash_report_database_win.cc(428)] unexpected header
[0706/143138.091:ERROR:crash_report_database_win.cc(428)] unexpected header
[0706/144638.104:ERROR:crash_report_database_win.cc(428)] unexpected header
[0706/150138.110:ERROR:crash_report_database_win.cc(428)] unexpected header
[0706/151638.116:ERROR:crash_report_database_win.cc(428)] unexpected header
[0706/153138.118:ERROR:crash_report_database_win.cc(428)] unexpected header
[0706/154638.121:ERROR:crash_report_database_win.cc(428)] unexpected header
[0706/160138.122:ERROR:crash_report_database_win.cc(428)] unexpected header
[0706/161638.123:ERROR:crash_report_database_win.cc(428)] unexpected header
[0706/163138.127:ERROR:crash_report_database_win.cc(428)] unexpected header
[0706/164638.130:ERROR:crash_report_database_win.cc(428)] unexpected header
[0706/170138.133:ERROR:crash_report_database_win.cc(428)] unexpected header
[0706/171638.138:ERROR:crash_report_database_win.cc(428)] unexpected header
[0706/173138.143:ERROR:crash_report_database_win.cc(428)] unexpected header
[0706/174638.147:ERROR:crash_report_database_win.cc(428)] unexpected header
[0706/180138.151:ERROR:crash_report_database_win.cc(428)] unexpected header
[0706/181638.155:ERROR:crash_report_database_win.cc(428)] unexpected header
[0706/183138.160:ERROR:crash_report_database_win.cc(428)] unexpected header
[0706/184638.164:ERROR:crash_report_database_win.cc(428)] unexpected header
[0706/190138.167:ERROR:crash_report_database_win.cc(428)] unexpected header
[0706/191638.171:ERROR:crash_report_database_win.cc(428)] unexpected header
[0706/193138.174:ERROR:crash_report_database_win.cc(428)] unexpected header
[0706/194638.179:ERROR:crash_report_database_win.cc(428)] unexpected header
[0706/200138.182:ERROR:crash_report_database_win.cc(428)] unexpected header
[0706/201638.188:ERROR:crash_report_database_win.cc(428)] unexpected header
[0706/203138.188:ERROR:crash_report_database_win.cc(428)] unexpected header
[0706/204638.195:ERROR:crash_report_database_win.cc(428)] unexpected header
[0706/210138.198:ERROR:crash_report_database_win.cc(428)] unexpected header
[0706/211638.203:ERROR:crash_report_database_win.cc(428)] unexpected header
[0706/213138.208:ERROR:crash_report_database_win.cc(428)] unexpected header
[0706/214638.211:ERROR:crash_report_database_win.cc(428)] unexpected header
[0707/085720.565:ERROR:crash_report_database_win.cc(428)] unexpected header
[0707/090720.565:ERROR:crash_report_database_win.cc(428)] unexpected header
[0707/090720.568:ERROR:crash_report_database_win.cc(428)] unexpected header
[0707/091220.582:ERROR:crash_report_database_win.cc(428)] unexpected header
[0707/092720.588:ERROR:crash_report_database_win.cc(428)] unexpected header
[0707/094220.592:ERROR:crash_report_database_win.cc(428)] unexpected header
[0707/095720.594:ERROR:crash_report_database_win.cc(428)] unexpected header
[0707/101220.597:ERROR:crash_report_database_win.cc(428)] unexpected header
[0707/102720.602:ERROR:crash_report_database_win.cc(428)] unexpected header
[0707/104220.603:ERROR:crash_report_database_win.cc(428)] unexpected header
[0707/105720.607:ERROR:crash_report_database_win.cc(428)] unexpected header
[0707/111220.611:ERROR:crash_report_database_win.cc(428)] unexpected header
[0707/112720.612:ERROR:crash_report_database_win.cc(428)] unexpected header
[0707/114220.615:ERROR:crash_report_database_win.cc(428)] unexpected header
[0707/115720.617:ERROR:crash_report_database_win.cc(428)] unexpected header
[0707/121220.618:ERROR:crash_report_database_win.cc(428)] unexpected header
[0707/122720.621:ERROR:crash_report_database_win.cc(428)] unexpected header
[0707/124220.626:ERROR:crash_report_database_win.cc(428)] unexpected header
[0707/125720.630:ERROR:crash_report_database_win.cc(428)] unexpected header
[0707/131220.632:ERROR:crash_report_database_win.cc(428)] unexpected header
[0707/132720.636:ERROR:crash_report_database_win.cc(428)] unexpected header
[0707/134220.636:ERROR:crash_report_database_win.cc(428)] unexpected header
[0707/135720.641:ERROR:crash_report_database_win.cc(428)] unexpected header
[0707/141220.645:ERROR:crash_report_database_win.cc(428)] unexpected header
[0707/142720.649:ERROR:crash_report_database_win.cc(428)] unexpected header
[0707/144220.650:ERROR:crash_report_database_win.cc(428)] unexpected header
[0707/145720.652:ERROR:crash_report_database_win.cc(428)] unexpected header
[0707/151220.654:ERROR:crash_report_database_win.cc(428)] unexpected header
[0707/152720.655:ERROR:crash_report_database_win.cc(428)] unexpected header
[0707/154220.657:ERROR:crash_report_database_win.cc(428)] unexpected header
[0707/155720.661:ERROR:crash_report_database_win.cc(428)] unexpected header
[0707/161220.665:ERROR:crash_report_database_win.cc(428)] unexpected header
[0707/162720.669:ERROR:crash_report_database_win.cc(428)] unexpected header
[0707/164220.675:ERROR:crash_report_database_win.cc(428)] unexpected header
[0707/165720.679:ERROR:crash_report_database_win.cc(428)] unexpected header
[0707/171220.683:ERROR:crash_report_database_win.cc(428)] unexpected header
[0707/172720.686:ERROR:crash_report_database_win.cc(428)] unexpected header
[0707/174220.690:ERROR:crash_report_database_win.cc(428)] unexpected header
[0707/175720.694:ERROR:crash_report_database_win.cc(428)] unexpected header
[0707/181220.698:ERROR:crash_report_database_win.cc(428)] unexpected header
[0707/182720.699:ERROR:crash_report_database_win.cc(428)] unexpected header
[0707/184220.702:ERROR:crash_report_database_win.cc(428)] unexpected header
[0707/185720.706:ERROR:crash_report_database_win.cc(428)] unexpected header
[0707/191220.710:ERROR:crash_report_database_win.cc(428)] unexpected header
[0707/192720.713:ERROR:crash_report_database_win.cc(428)] unexpected header
[0707/194220.714:ERROR:crash_report_database_win.cc(428)] unexpected header
[0707/195720.719:ERROR:crash_report_database_win.cc(428)] unexpected header
[0708/090447.750:ERROR:crash_report_database_win.cc(428)] unexpected header
[0709/100221.509:ERROR:crash_report_database_win.cc(428)] unexpected header
[0710/085408.625:ERROR:crash_report_database_win.cc(428)] unexpected header
[0710/181833.899:ERROR:crash_report_database_win.cc(428)] unexpected header
[0711/121144.862:ERROR:crash_report_database_win.cc(428)] unexpected header
[0711/122144.863:ERROR:crash_report_database_win.cc(428)] unexpected header
[0711/122144.866:ERROR:crash_report_database_win.cc(428)] unexpected header
[0711/122644.879:ERROR:crash_report_database_win.cc(428)] unexpected header
[0711/124144.881:ERROR:crash_report_database_win.cc(428)] unexpected header
[0711/125644.885:ERROR:crash_report_database_win.cc(428)] unexpected header
[0711/131144.888:ERROR:crash_report_database_win.cc(428)] unexpected header
[0711/132644.890:ERROR:crash_report_database_win.cc(428)] unexpected header
[0711/134144.892:ERROR:crash_report_database_win.cc(428)] unexpected header
[0711/135644.898:ERROR:crash_report_database_win.cc(428)] unexpected header
[0711/140743.236:ERROR:crash_report_database_win.cc(428)] unexpected header
[0711/141145.046:ERROR:crash_report_database_win.cc(428)] unexpected header
[0711/142645.049:ERROR:crash_report_database_win.cc(428)] unexpected header
[0711/144145.051:ERROR:crash_report_database_win.cc(428)] unexpected header
[0711/145645.055:ERROR:crash_report_database_win.cc(428)] unexpected header
[0711/151145.057:ERROR:crash_report_database_win.cc(428)] unexpected header
[0711/152645.058:ERROR:crash_report_database_win.cc(428)] unexpected header
[0711/154145.059:ERROR:crash_report_database_win.cc(428)] unexpected header
[0711/155645.090:ERROR:crash_report_database_win.cc(428)] unexpected header
[0711/161145.090:ERROR:crash_report_database_win.cc(428)] unexpected header
[0711/162645.093:ERROR:crash_report_database_win.cc(428)] unexpected header
[0711/164145.093:ERROR:crash_report_database_win.cc(428)] unexpected header
[0711/165645.097:ERROR:crash_report_database_win.cc(428)] unexpected header
[0711/171145.100:ERROR:crash_report_database_win.cc(428)] unexpected header
[0711/172645.103:ERROR:crash_report_database_win.cc(428)] unexpected header
[0711/174145.104:ERROR:crash_report_database_win.cc(428)] unexpected header
[0711/175645.106:ERROR:crash_report_database_win.cc(428)] unexpected header
[0711/181145.108:ERROR:crash_report_database_win.cc(428)] unexpected header
[0711/182645.125:ERROR:crash_report_database_win.cc(428)] unexpected header
[0711/184145.156:ERROR:crash_report_database_win.cc(428)] unexpected header
[0713/090604.748:ERROR:crash_report_database_win.cc(428)] unexpected header
[0713/091604.747:ERROR:crash_report_database_win.cc(428)] unexpected header
[0713/091604.748:ERROR:crash_report_database_win.cc(428)] unexpected header
[0713/092104.820:ERROR:crash_report_database_win.cc(428)] unexpected header
[0713/093604.822:ERROR:crash_report_database_win.cc(428)] unexpected header
[0713/095104.823:ERROR:crash_report_database_win.cc(428)] unexpected header
[0713/100604.827:ERROR:crash_report_database_win.cc(428)] unexpected header
[0713/102104.830:ERROR:crash_report_database_win.cc(428)] unexpected header
[0713/103604.831:ERROR:crash_report_database_win.cc(428)] unexpected header
[0713/105104.833:ERROR:crash_report_database_win.cc(428)] unexpected header
[0713/110604.841:ERROR:crash_report_database_win.cc(428)] unexpected header
[0713/112104.847:ERROR:crash_report_database_win.cc(428)] unexpected header
[0713/113604.848:ERROR:crash_report_database_win.cc(428)] unexpected header
[0713/115104.851:ERROR:crash_report_database_win.cc(428)] unexpected header
[0713/120604.853:ERROR:crash_report_database_win.cc(428)] unexpected header
[0713/122104.855:ERROR:crash_report_database_win.cc(428)] unexpected header
[0713/123604.906:ERROR:crash_report_database_win.cc(428)] unexpected header
[0713/125104.910:ERROR:crash_report_database_win.cc(428)] unexpected header
[0713/130604.913:ERROR:crash_report_database_win.cc(428)] unexpected header
[0713/132104.915:ERROR:crash_report_database_win.cc(428)] unexpected header
[0713/133604.918:ERROR:crash_report_database_win.cc(428)] unexpected header
[0713/135104.919:ERROR:crash_report_database_win.cc(428)] unexpected header
[0713/140605.000:ERROR:crash_report_database_win.cc(428)] unexpected header
[0713/142105.004:ERROR:crash_report_database_win.cc(428)] unexpected header
[0713/143605.005:ERROR:crash_report_database_win.cc(428)] unexpected header
[0713/145105.009:ERROR:crash_report_database_win.cc(428)] unexpected header
[0713/150605.147:ERROR:crash_report_database_win.cc(428)] unexpected header
[0713/151005.577:ERROR:crash_report_database_win.cc(428)] unexpected header
[0713/152105.238:ERROR:crash_report_database_win.cc(428)] unexpected header
[0713/153605.239:ERROR:crash_report_database_win.cc(428)] unexpected header
[0713/155105.240:ERROR:crash_report_database_win.cc(428)] unexpected header
[0713/160605.242:ERROR:crash_report_database_win.cc(428)] unexpected header
[0713/162105.253:ERROR:crash_report_database_win.cc(428)] unexpected header
[0713/163605.256:ERROR:crash_report_database_win.cc(428)] unexpected header
[0713/165105.278:ERROR:crash_report_database_win.cc(428)] unexpected header
[0713/170605.433:ERROR:crash_report_database_win.cc(428)] unexpected header
[0713/172105.511:ERROR:crash_report_database_win.cc(428)] unexpected header
[0713/173605.514:ERROR:crash_report_database_win.cc(428)] unexpected header
[0713/175105.515:ERROR:crash_report_database_win.cc(428)] unexpected header
[0713/180605.518:ERROR:crash_report_database_win.cc(428)] unexpected header
[0713/182105.520:ERROR:crash_report_database_win.cc(428)] unexpected header
[0713/183605.522:ERROR:crash_report_database_win.cc(428)] unexpected header
[0713/185105.531:ERROR:crash_report_database_win.cc(428)] unexpected header
[0714/090057.494:ERROR:crash_report_database_win.cc(428)] unexpected header
[0715/103020.317:ERROR:crash_report_database_win.cc(428)] unexpected header
[0716/092356.758:ERROR:crash_report_database_win.cc(428)] unexpected header
[0717/090357.416:ERROR:crash_report_database_win.cc(428)] unexpected header
[0717/131720.473:ERROR:crash_report_database_win.cc(428)] unexpected header
[0717/132008.535:ERROR:crash_report_database_win.cc(428)] unexpected header
[0717/132146.237:ERROR:crash_report_database_win.cc(428)] unexpected header
[0717/132320.657:ERROR:crash_report_database_win.cc(428)] unexpected header
[0717/135546.767:ERROR:crash_report_database_win.cc(428)] unexpected header
[0717/135826.642:ERROR:crash_report_database_win.cc(428)] unexpected header
[0717/145938.287:ERROR:crash_report_database_win.cc(428)] unexpected header
[0717/150509.166:ERROR:crash_report_database_win.cc(428)] unexpected header
[0717/152112.678:ERROR:crash_report_database_win.cc(428)] unexpected header
[0717/160431.565:ERROR:crash_report_database_win.cc(428)] unexpected header
[0717/161800.636:ERROR:crash_report_database_win.cc(428)] unexpected header
[0717/184341.275:ERROR:crash_report_database_win.cc(428)] unexpected header
[0720/083658.072:ERROR:crash_report_database_win.cc(428)] unexpected header
[0720/153259.850:ERROR:crash_report_database_win.cc(428)] unexpected header
[0720/165212.544:ERROR:crash_report_database_win.cc(428)] unexpected header
[0721/100818.052:ERROR:crash_report_database_win.cc(428)] unexpected header
[0721/101818.053:ERROR:crash_report_database_win.cc(428)] unexpected header
[0721/101818.054:ERROR:crash_report_database_win.cc(428)] unexpected header
[0721/102318.055:ERROR:crash_report_database_win.cc(428)] unexpected header
[0721/103818.080:ERROR:crash_report_database_win.cc(428)] unexpected header
[0721/105318.081:ERROR:crash_report_database_win.cc(428)] unexpected header
[0721/110818.082:ERROR:crash_report_database_win.cc(428)] unexpected header
[0721/112318.085:ERROR:crash_report_database_win.cc(428)] unexpected header
[0721/113818.102:ERROR:crash_report_database_win.cc(428)] unexpected header
[0721/115318.104:ERROR:crash_report_database_win.cc(428)] unexpected header
[0721/120818.104:ERROR:crash_report_database_win.cc(428)] unexpected header
[0721/121540.364:ERROR:crash_report_database_win.cc(428)] unexpected header
[0721/122318.128:ERROR:crash_report_database_win.cc(428)] unexpected header
[0721/123818.159:ERROR:crash_report_database_win.cc(428)] unexpected header
[0721/125318.173:ERROR:crash_report_database_win.cc(428)] unexpected header
[0721/130818.222:ERROR:crash_report_database_win.cc(428)] unexpected header
[0721/132318.250:ERROR:crash_report_database_win.cc(428)] unexpected header
[0721/133818.251:ERROR:crash_report_database_win.cc(428)] unexpected header
[0721/135318.698:ERROR:crash_report_database_win.cc(428)] unexpected header
[0721/140818.836:ERROR:crash_report_database_win.cc(428)] unexpected header
[0721/142318.837:ERROR:crash_report_database_win.cc(428)] unexpected header
[0721/143818.910:ERROR:crash_report_database_win.cc(428)] unexpected header
[0721/145318.910:ERROR:crash_report_database_win.cc(428)] unexpected header
[0721/150818.932:ERROR:crash_report_database_win.cc(428)] unexpected header
[0721/152318.934:ERROR:crash_report_database_win.cc(428)] unexpected header
[0721/153819.026:ERROR:crash_report_database_win.cc(428)] unexpected header
[0721/155319.059:ERROR:crash_report_database_win.cc(428)] unexpected header
[0721/160819.061:ERROR:crash_report_database_win.cc(428)] unexpected header
[0721/162319.106:ERROR:crash_report_database_win.cc(428)] unexpected header
[0721/163819.108:ERROR:crash_report_database_win.cc(428)] unexpected header
[0721/165319.112:ERROR:crash_report_database_win.cc(428)] unexpected header
[0721/170819.336:ERROR:crash_report_database_win.cc(428)] unexpected header
[0721/172319.492:ERROR:crash_report_database_win.cc(428)] unexpected header
[0721/173819.507:ERROR:crash_report_database_win.cc(428)] unexpected header
[0721/175319.521:ERROR:crash_report_database_win.cc(428)] unexpected header
[0721/175414.384:ERROR:crash_report_database_win.cc(428)] unexpected header
[0721/180819.529:ERROR:crash_report_database_win.cc(428)] unexpected header
[0721/182319.641:ERROR:crash_report_database_win.cc(428)] unexpected header
[0721/183819.670:ERROR:crash_report_database_win.cc(428)] unexpected header
[0721/185319.671:ERROR:crash_report_database_win.cc(428)] unexpected header
[0721/190819.671:ERROR:crash_report_database_win.cc(428)] unexpected header
[0721/192319.672:ERROR:crash_report_database_win.cc(428)] unexpected header
[0721/193819.672:ERROR:crash_report_database_win.cc(428)] unexpected header
[0721/195319.673:ERROR:crash_report_database_win.cc(428)] unexpected header
[0721/200819.691:ERROR:crash_report_database_win.cc(428)] unexpected header
[0722/091332.935:ERROR:crash_report_database_win.cc(428)] unexpected header
[0722/092332.957:ERROR:crash_report_database_win.cc(428)] unexpected header
[0722/092332.957:ERROR:crash_report_database_win.cc(428)] unexpected header
[0722/092832.970:ERROR:crash_report_database_win.cc(428)] unexpected header
[0722/094332.971:ERROR:crash_report_database_win.cc(428)] unexpected header
[0722/095832.988:ERROR:crash_report_database_win.cc(428)] unexpected header
[0722/101332.989:ERROR:crash_report_database_win.cc(428)] unexpected header
[0722/102353.142:ERROR:crash_report_database_win.cc(428)] unexpected header
[0722/102833.010:ERROR:crash_report_database_win.cc(428)] unexpected header
[0722/104333.025:ERROR:crash_report_database_win.cc(428)] unexpected header
[0722/105833.025:ERROR:crash_report_database_win.cc(428)] unexpected header
[0722/111333.054:ERROR:crash_report_database_win.cc(428)] unexpected header
[0722/112833.055:ERROR:crash_report_database_win.cc(428)] unexpected header
[0722/114333.056:ERROR:crash_report_database_win.cc(428)] unexpected header
[0722/115833.058:ERROR:crash_report_database_win.cc(428)] unexpected header
[0722/121333.059:ERROR:crash_report_database_win.cc(428)] unexpected header
[0722/122833.062:ERROR:crash_report_database_win.cc(428)] unexpected header
[0722/124333.140:ERROR:crash_report_database_win.cc(428)] unexpected header
[0722/125833.219:ERROR:crash_report_database_win.cc(428)] unexpected header
[0722/131333.315:ERROR:crash_report_database_win.cc(428)] unexpected header
[0722/132833.316:ERROR:crash_report_database_win.cc(428)] unexpected header
[0722/134333.336:ERROR:crash_report_database_win.cc(428)] unexpected header
[0722/135833.350:ERROR:crash_report_database_win.cc(428)] unexpected header
[0722/141333.351:ERROR:crash_report_database_win.cc(428)] unexpected header
[0722/142833.353:ERROR:crash_report_database_win.cc(428)] unexpected header
[0722/144333.354:ERROR:crash_report_database_win.cc(428)] unexpected header
[0722/145833.354:ERROR:crash_report_database_win.cc(428)] unexpected header
[0722/151333.355:ERROR:crash_report_database_win.cc(428)] unexpected header
[0722/152833.356:ERROR:crash_report_database_win.cc(428)] unexpected header
[0722/154333.356:ERROR:crash_report_database_win.cc(428)] unexpected header
[0722/155833.357:ERROR:crash_report_database_win.cc(428)] unexpected header
[0722/160203.101:ERROR:crash_report_database_win.cc(428)] unexpected header
[0722/161333.358:ERROR:crash_report_database_win.cc(428)] unexpected header
[0722/162833.359:ERROR:crash_report_database_win.cc(428)] unexpected header
[0722/164333.360:ERROR:crash_report_database_win.cc(428)] unexpected header
[0722/165833.383:ERROR:crash_report_database_win.cc(428)] unexpected header
[0722/171333.396:ERROR:crash_report_database_win.cc(428)] unexpected header
[0722/172833.397:ERROR:crash_report_database_win.cc(428)] unexpected header
[0722/174333.398:ERROR:crash_report_database_win.cc(428)] unexpected header
[0722/175819.046:ERROR:crash_report_database_win.cc(428)] unexpected header
[0722/175833.410:ERROR:crash_report_database_win.cc(428)] unexpected header
[0722/181333.411:ERROR:crash_report_database_win.cc(428)] unexpected header
[0722/182834.024:ERROR:crash_report_database_win.cc(428)] unexpected header
[0722/184334.103:ERROR:crash_report_database_win.cc(428)] unexpected header
[0722/185834.106:ERROR:crash_report_database_win.cc(428)] unexpected header
[0723/085855.264:ERROR:crash_report_database_win.cc(428)] unexpected header
[0723/090855.263:ERROR:crash_report_database_win.cc(428)] unexpected header
[0723/090855.264:ERROR:crash_report_database_win.cc(428)] unexpected header
[0723/091355.327:ERROR:crash_report_database_win.cc(428)] unexpected header
[0723/092855.328:ERROR:crash_report_database_win.cc(428)] unexpected header
[0723/094355.328:ERROR:crash_report_database_win.cc(428)] unexpected header
[0723/095855.433:ERROR:crash_report_database_win.cc(428)] unexpected header
[0723/101355.471:ERROR:crash_report_database_win.cc(428)] unexpected header
[0723/102855.479:ERROR:crash_report_database_win.cc(428)] unexpected header
[0723/104355.492:ERROR:crash_report_database_win.cc(428)] unexpected header
[0723/105855.494:ERROR:crash_report_database_win.cc(428)] unexpected header
[0723/111355.494:ERROR:crash_report_database_win.cc(428)] unexpected header
[0723/112855.495:ERROR:crash_report_database_win.cc(428)] unexpected header
[0723/114355.495:ERROR:crash_report_database_win.cc(428)] unexpected header
[0723/115855.496:ERROR:crash_report_database_win.cc(428)] unexpected header
[0723/121355.498:ERROR:crash_report_database_win.cc(428)] unexpected header
[0723/122855.499:ERROR:crash_report_database_win.cc(428)] unexpected header
[0723/124355.579:ERROR:crash_report_database_win.cc(428)] unexpected header
[0723/125855.594:ERROR:crash_report_database_win.cc(428)] unexpected header
[0723/131355.594:ERROR:crash_report_database_win.cc(428)] unexpected header
[0723/132855.743:ERROR:crash_report_database_win.cc(428)] unexpected header
[0723/134356.501:ERROR:crash_report_database_win.cc(428)] unexpected header
[0723/135856.502:ERROR:crash_report_database_win.cc(428)] unexpected header
[0723/141356.520:ERROR:crash_report_database_win.cc(428)] unexpected header
[0723/142856.520:ERROR:crash_report_database_win.cc(428)] unexpected header
[0723/144356.534:ERROR:crash_report_database_win.cc(428)] unexpected header
[0723/145856.534:ERROR:crash_report_database_win.cc(428)] unexpected header
[0723/151356.582:ERROR:crash_report_database_win.cc(428)] unexpected header
[0723/152856.584:ERROR:crash_report_database_win.cc(428)] unexpected header
[0723/154356.654:ERROR:crash_report_database_win.cc(428)] unexpected header
[0723/155856.683:ERROR:crash_report_database_win.cc(428)] unexpected header
[0723/161356.686:ERROR:crash_report_database_win.cc(428)] unexpected header
[0723/162856.741:ERROR:crash_report_database_win.cc(428)] unexpected header
[0723/164356.748:ERROR:crash_report_database_win.cc(428)] unexpected header
[0723/165856.748:ERROR:crash_report_database_win.cc(428)] unexpected header
[0723/171356.748:ERROR:crash_report_database_win.cc(428)] unexpected header
[0723/172856.749:ERROR:crash_report_database_win.cc(428)] unexpected header
[0723/174356.749:ERROR:crash_report_database_win.cc(428)] unexpected header
[0723/175856.750:ERROR:crash_report_database_win.cc(428)] unexpected header
[0723/181356.750:ERROR:crash_report_database_win.cc(428)] unexpected header
[0723/182856.751:ERROR:crash_report_database_win.cc(428)] unexpected header
[0723/184356.751:ERROR:crash_report_database_win.cc(428)] unexpected header
[0723/185856.752:ERROR:crash_report_database_win.cc(428)] unexpected header
[0723/191356.752:ERROR:crash_report_database_win.cc(428)] unexpected header
[0723/192856.753:ERROR:crash_report_database_win.cc(428)] unexpected header
[0723/194356.757:ERROR:crash_report_database_win.cc(428)] unexpected header
[0723/195856.757:ERROR:crash_report_database_win.cc(428)] unexpected header
[0723/201356.757:ERROR:crash_report_database_win.cc(428)] unexpected header
[0724/091623.143:ERROR:crash_report_database_win.cc(428)] unexpected header
[0724/092623.145:ERROR:crash_report_database_win.cc(428)] unexpected header
[0724/092623.145:ERROR:crash_report_database_win.cc(428)] unexpected header
[0724/093123.144:ERROR:crash_report_database_win.cc(428)] unexpected header
[0724/094623.147:ERROR:crash_report_database_win.cc(428)] unexpected header
[0724/100123.148:ERROR:crash_report_database_win.cc(428)] unexpected header
[0724/101623.149:ERROR:crash_report_database_win.cc(428)] unexpected header
[0724/103123.150:ERROR:crash_report_database_win.cc(428)] unexpected header
[0724/104623.152:ERROR:crash_report_database_win.cc(428)] unexpected header
[0724/110123.153:ERROR:crash_report_database_win.cc(428)] unexpected header
[0724/111623.155:ERROR:crash_report_database_win.cc(428)] unexpected header
[0724/113123.156:ERROR:crash_report_database_win.cc(428)] unexpected header
[0724/114623.156:ERROR:crash_report_database_win.cc(428)] unexpected header
[0724/120123.159:ERROR:crash_report_database_win.cc(428)] unexpected header
[0724/121623.160:ERROR:crash_report_database_win.cc(428)] unexpected header
[0724/123123.160:ERROR:crash_report_database_win.cc(428)] unexpected header
[0724/124623.162:ERROR:crash_report_database_win.cc(428)] unexpected header
[0724/130123.162:ERROR:crash_report_database_win.cc(428)] unexpected header
[0724/131623.162:ERROR:crash_report_database_win.cc(428)] unexpected header
[0724/133123.164:ERROR:crash_report_database_win.cc(428)] unexpected header
[0724/134623.165:ERROR:crash_report_database_win.cc(428)] unexpected header
[0724/140123.167:ERROR:crash_report_database_win.cc(428)] unexpected header
[0724/141623.167:ERROR:crash_report_database_win.cc(428)] unexpected header
[0724/143123.168:ERROR:crash_report_database_win.cc(428)] unexpected header
[0724/144623.168:ERROR:crash_report_database_win.cc(428)] unexpected header
[0724/150123.170:ERROR:crash_report_database_win.cc(428)] unexpected header
[0724/151623.170:ERROR:crash_report_database_win.cc(428)] unexpected header
[0724/153123.183:ERROR:crash_report_database_win.cc(428)] unexpected header
[0724/154623.184:ERROR:crash_report_database_win.cc(428)] unexpected header
[0724/160123.184:ERROR:crash_report_database_win.cc(428)] unexpected header
[0724/161623.185:ERROR:crash_report_database_win.cc(428)] unexpected header
[0724/163123.186:ERROR:crash_report_database_win.cc(428)] unexpected header
[0724/164623.187:ERROR:crash_report_database_win.cc(428)] unexpected header
[0724/170123.188:ERROR:crash_report_database_win.cc(428)] unexpected header
[0724/171623.189:ERROR:crash_report_database_win.cc(428)] unexpected header
[0724/173123.197:ERROR:crash_report_database_win.cc(428)] unexpected header
[0724/174623.295:ERROR:crash_report_database_win.cc(428)] unexpected header
[0724/180123.315:ERROR:crash_report_database_win.cc(428)] unexpected header
[0724/181623.318:ERROR:crash_report_database_win.cc(428)] unexpected header
[0724/183123.319:ERROR:crash_report_database_win.cc(428)] unexpected header
[0724/184623.323:ERROR:crash_report_database_win.cc(428)] unexpected header
[0724/190123.323:ERROR:crash_report_database_win.cc(428)] unexpected header
[0724/191623.324:ERROR:crash_report_database_win.cc(428)] unexpected header
[0724/193123.325:ERROR:crash_report_database_win.cc(428)] unexpected header
[0724/194623.327:ERROR:crash_report_database_win.cc(428)] unexpected header
[0724/200123.328:ERROR:crash_report_database_win.cc(428)] unexpected header
[0725/111422.372:ERROR:crash_report_database_win.cc(428)] unexpected header
[0725/112422.372:ERROR:crash_report_database_win.cc(428)] unexpected header
[0725/112422.372:ERROR:crash_report_database_win.cc(428)] unexpected header
[0725/112922.390:ERROR:crash_report_database_win.cc(428)] unexpected header
[0725/114422.391:ERROR:crash_report_database_win.cc(428)] unexpected header
[0725/115922.392:ERROR:crash_report_database_win.cc(428)] unexpected header
[0725/123441.820:ERROR:crash_report_database_win.cc(428)] unexpected header
[0725/124941.822:ERROR:crash_report_database_win.cc(428)] unexpected header
[0725/130441.825:ERROR:crash_report_database_win.cc(428)] unexpected header
[0725/131941.826:ERROR:crash_report_database_win.cc(428)] unexpected header
[0725/133441.827:ERROR:crash_report_database_win.cc(428)] unexpected header
[0725/134941.828:ERROR:crash_report_database_win.cc(428)] unexpected header
[0725/140441.831:ERROR:crash_report_database_win.cc(428)] unexpected header
[0725/141941.832:ERROR:crash_report_database_win.cc(428)] unexpected header
[0725/143441.842:ERROR:crash_report_database_win.cc(428)] unexpected header
[0725/144941.844:ERROR:crash_report_database_win.cc(428)] unexpected header
[0725/150441.844:ERROR:crash_report_database_win.cc(428)] unexpected header
[0725/151941.845:ERROR:crash_report_database_win.cc(428)] unexpected header
[0725/153441.846:ERROR:crash_report_database_win.cc(428)] unexpected header
[0725/154941.846:ERROR:crash_report_database_win.cc(428)] unexpected header
[0725/160441.846:ERROR:crash_report_database_win.cc(428)] unexpected header
[0725/161941.910:ERROR:crash_report_database_win.cc(428)] unexpected header
[0725/163441.939:ERROR:crash_report_database_win.cc(428)] unexpected header
[0725/164941.951:ERROR:crash_report_database_win.cc(428)] unexpected header
[0725/170441.952:ERROR:crash_report_database_win.cc(428)] unexpected header
[0725/171941.953:ERROR:crash_report_database_win.cc(428)] unexpected header
[0725/173441.954:ERROR:crash_report_database_win.cc(428)] unexpected header
[0725/174941.955:ERROR:crash_report_database_win.cc(428)] unexpected header
[0725/180441.955:ERROR:crash_report_database_win.cc(428)] unexpected header
[0727/094156.558:ERROR:crash_report_database_win.cc(428)] unexpected header
[0727/095156.559:ERROR:crash_report_database_win.cc(428)] unexpected header
[0727/095156.559:ERROR:crash_report_database_win.cc(428)] unexpected header
[0727/095656.573:ERROR:crash_report_database_win.cc(428)] unexpected header
[0727/101156.575:ERROR:crash_report_database_win.cc(428)] unexpected header
[0727/102656.575:ERROR:crash_report_database_win.cc(428)] unexpected header
[0727/104156.577:ERROR:crash_report_database_win.cc(428)] unexpected header
[0727/105656.578:ERROR:crash_report_database_win.cc(428)] unexpected header
[0727/111156.578:ERROR:crash_report_database_win.cc(428)] unexpected header
[0727/112656.579:ERROR:crash_report_database_win.cc(428)] unexpected header
[0727/114156.580:ERROR:crash_report_database_win.cc(428)] unexpected header
[0727/115656.581:ERROR:crash_report_database_win.cc(428)] unexpected header
[0727/121156.582:ERROR:crash_report_database_win.cc(428)] unexpected header
[0727/122656.583:ERROR:crash_report_database_win.cc(428)] unexpected header
[0727/124156.584:ERROR:crash_report_database_win.cc(428)] unexpected header
[0727/125656.586:ERROR:crash_report_database_win.cc(428)] unexpected header
[0727/131156.586:ERROR:crash_report_database_win.cc(428)] unexpected header
[0727/132656.587:ERROR:crash_report_database_win.cc(428)] unexpected header
[0727/134156.587:ERROR:crash_report_database_win.cc(428)] unexpected header
[0727/135656.588:ERROR:crash_report_database_win.cc(428)] unexpected header
[0727/141156.589:ERROR:crash_report_database_win.cc(428)] unexpected header
[0727/142656.591:ERROR:crash_report_database_win.cc(428)] unexpected header
[0727/144156.592:ERROR:crash_report_database_win.cc(428)] unexpected header
[0727/145656.593:ERROR:crash_report_database_win.cc(428)] unexpected header
[0727/151156.594:ERROR:crash_report_database_win.cc(428)] unexpected header
[0727/152656.596:ERROR:crash_report_database_win.cc(428)] unexpected header
[0727/154156.596:ERROR:crash_report_database_win.cc(428)] unexpected header
[0727/155656.596:ERROR:crash_report_database_win.cc(428)] unexpected header
[0727/161156.598:ERROR:crash_report_database_win.cc(428)] unexpected header
[0727/162656.624:ERROR:crash_report_database_win.cc(428)] unexpected header
[0727/164156.634:ERROR:crash_report_database_win.cc(428)] unexpected header
[0727/165656.635:ERROR:crash_report_database_win.cc(428)] unexpected header
[0727/171156.637:ERROR:crash_report_database_win.cc(428)] unexpected header
[0727/172656.638:ERROR:crash_report_database_win.cc(428)] unexpected header
[0727/174156.824:ERROR:crash_report_database_win.cc(428)] unexpected header
[0727/175657.292:ERROR:crash_report_database_win.cc(428)] unexpected header
[0727/181157.399:ERROR:crash_report_database_win.cc(428)] unexpected header
[0727/182657.400:ERROR:crash_report_database_win.cc(428)] unexpected header
[0727/184157.428:ERROR:crash_report_database_win.cc(428)] unexpected header
[0727/185657.430:ERROR:crash_report_database_win.cc(428)] unexpected header
[0727/191157.431:ERROR:crash_report_database_win.cc(428)] unexpected header
[0727/192657.432:ERROR:crash_report_database_win.cc(428)] unexpected header
[0727/194157.496:ERROR:crash_report_database_win.cc(428)] unexpected header
[0727/202308.275:ERROR:crash_report_database_win.cc(428)] unexpected header
[0728/080409.589:ERROR:crash_report_database_win.cc(428)] unexpected header
[0728/081409.592:ERROR:crash_report_database_win.cc(428)] unexpected header
[0728/081409.592:ERROR:crash_report_database_win.cc(428)] unexpected header
[0728/081909.610:ERROR:crash_report_database_win.cc(428)] unexpected header
[0728/083409.612:ERROR:crash_report_database_win.cc(428)] unexpected header
[0728/084909.614:ERROR:crash_report_database_win.cc(428)] unexpected header
[0728/090409.615:ERROR:crash_report_database_win.cc(428)] unexpected header
[0728/091909.615:ERROR:crash_report_database_win.cc(428)] unexpected header
[0728/093409.615:ERROR:crash_report_database_win.cc(428)] unexpected header
[0728/094909.617:ERROR:crash_report_database_win.cc(428)] unexpected header
[0728/100409.617:ERROR:crash_report_database_win.cc(428)] unexpected header
[0728/101909.671:ERROR:crash_report_database_win.cc(428)] unexpected header
[0728/103409.672:ERROR:crash_report_database_win.cc(428)] unexpected header
[0728/104909.680:ERROR:crash_report_database_win.cc(428)] unexpected header
[0728/110409.681:ERROR:crash_report_database_win.cc(428)] unexpected header
[0728/111909.684:ERROR:crash_report_database_win.cc(428)] unexpected header
[0728/113409.684:ERROR:crash_report_database_win.cc(428)] unexpected header
[0728/114909.687:ERROR:crash_report_database_win.cc(428)] unexpected header
[0728/120409.688:ERROR:crash_report_database_win.cc(428)] unexpected header
[0728/121909.688:ERROR:crash_report_database_win.cc(428)] unexpected header
[0728/123409.706:ERROR:crash_report_database_win.cc(428)] unexpected header
[0728/124909.728:ERROR:crash_report_database_win.cc(428)] unexpected header
[0728/130409.729:ERROR:crash_report_database_win.cc(428)] unexpected header
[0728/131909.730:ERROR:crash_report_database_win.cc(428)] unexpected header
[0728/133409.731:ERROR:crash_report_database_win.cc(428)] unexpected header
[0728/134909.732:ERROR:crash_report_database_win.cc(428)] unexpected header
[0728/140409.735:ERROR:crash_report_database_win.cc(428)] unexpected header
[0728/141909.736:ERROR:crash_report_database_win.cc(428)] unexpected header
[0728/143409.737:ERROR:crash_report_database_win.cc(428)] unexpected header
[0728/144909.738:ERROR:crash_report_database_win.cc(428)] unexpected header
[0728/150409.739:ERROR:crash_report_database_win.cc(428)] unexpected header
[0728/151909.740:ERROR:crash_report_database_win.cc(428)] unexpected header
[0728/153409.740:ERROR:crash_report_database_win.cc(428)] unexpected header
[0728/154909.741:ERROR:crash_report_database_win.cc(428)] unexpected header
[0728/160409.742:ERROR:crash_report_database_win.cc(428)] unexpected header
[0728/164332.452:ERROR:crash_report_database_win.cc(428)] unexpected header
[0728/165832.454:ERROR:crash_report_database_win.cc(428)] unexpected header
[0728/171332.454:ERROR:crash_report_database_win.cc(428)] unexpected header
[0728/174350.793:ERROR:crash_report_database_win.cc(428)] unexpected header
[0728/175850.793:ERROR:crash_report_database_win.cc(428)] unexpected header
[0728/181350.795:ERROR:crash_report_database_win.cc(428)] unexpected header
[0728/182850.797:ERROR:crash_report_database_win.cc(428)] unexpected header
[0728/184350.799:ERROR:crash_report_database_win.cc(428)] unexpected header
[0728/185850.799:ERROR:crash_report_database_win.cc(428)] unexpected header
[0728/191350.801:ERROR:crash_report_database_win.cc(428)] unexpected header
[0728/192850.801:ERROR:crash_report_database_win.cc(428)] unexpected header
[0728/194350.803:ERROR:crash_report_database_win.cc(428)] unexpected header
[0728/195850.804:ERROR:crash_report_database_win.cc(428)] unexpected header
[0729/090824.329:ERROR:crash_report_database_win.cc(428)] unexpected header
[0729/105034.521:ERROR:crash_report_database_win.cc(428)] unexpected header
[0730/093546.777:ERROR:crash_report_database_win.cc(428)] unexpected header
[0730/174939.056:ERROR:crash_report_database_win.cc(428)] unexpected header
[0803/091102.123:ERROR:crash_report_database_win.cc(428)] unexpected header
[0803/092102.123:ERROR:crash_report_database_win.cc(428)] unexpected header
[0803/092102.123:ERROR:crash_report_database_win.cc(428)] unexpected header
[0803/092602.324:ERROR:crash_report_database_win.cc(428)] unexpected header
[0803/094102.326:ERROR:crash_report_database_win.cc(428)] unexpected header
[0803/095602.599:ERROR:crash_report_database_win.cc(428)] unexpected header
[0803/101102.723:ERROR:crash_report_database_win.cc(428)] unexpected header
[0803/102602.724:ERROR:crash_report_database_win.cc(428)] unexpected header
[0803/104102.804:ERROR:crash_report_database_win.cc(428)] unexpected header
[0803/105602.834:ERROR:crash_report_database_win.cc(428)] unexpected header
[0803/111103.123:ERROR:crash_report_database_win.cc(428)] unexpected header
[0803/112603.294:ERROR:crash_report_database_win.cc(428)] unexpected header
[0803/114103.414:ERROR:crash_report_database_win.cc(428)] unexpected header
[0803/115603.415:ERROR:crash_report_database_win.cc(428)] unexpected header
[0803/121103.415:ERROR:crash_report_database_win.cc(428)] unexpected header
[0803/122603.671:ERROR:crash_report_database_win.cc(428)] unexpected header
[0803/124103.671:ERROR:crash_report_database_win.cc(428)] unexpected header
[0803/125603.672:ERROR:crash_report_database_win.cc(428)] unexpected header
[0803/131103.674:ERROR:crash_report_database_win.cc(428)] unexpected header
[0803/132603.699:ERROR:crash_report_database_win.cc(428)] unexpected header
[0803/134103.702:ERROR:crash_report_database_win.cc(428)] unexpected header
[0803/135603.703:ERROR:crash_report_database_win.cc(428)] unexpected header
[0803/141103.746:ERROR:crash_report_database_win.cc(428)] unexpected header
[0803/142603.746:ERROR:crash_report_database_win.cc(428)] unexpected header
[0803/144103.747:ERROR:crash_report_database_win.cc(428)] unexpected header
[0803/145603.748:ERROR:crash_report_database_win.cc(428)] unexpected header
[0803/151103.822:ERROR:crash_report_database_win.cc(428)] unexpected header
[0803/152603.947:ERROR:crash_report_database_win.cc(428)] unexpected header
[0803/154104.066:ERROR:crash_report_database_win.cc(428)] unexpected header
[0803/155604.068:ERROR:crash_report_database_win.cc(428)] unexpected header
[0803/161104.217:ERROR:crash_report_database_win.cc(428)] unexpected header
[0803/162604.219:ERROR:crash_report_database_win.cc(428)] unexpected header
[0803/164104.220:ERROR:crash_report_database_win.cc(428)] unexpected header
[0803/165604.222:ERROR:crash_report_database_win.cc(428)] unexpected header
[0803/171104.222:ERROR:crash_report_database_win.cc(428)] unexpected header
[0803/172604.507:ERROR:crash_report_database_win.cc(428)] unexpected header
[0803/174104.507:ERROR:crash_report_database_win.cc(428)] unexpected header
[0803/175604.508:ERROR:crash_report_database_win.cc(428)] unexpected header
[0803/181104.626:ERROR:crash_report_database_win.cc(428)] unexpected header
[0803/182604.628:ERROR:crash_report_database_win.cc(428)] unexpected header
[0803/184104.629:ERROR:crash_report_database_win.cc(428)] unexpected header
[0803/185802.011:ERROR:crash_report_database_win.cc(428)] unexpected header
[0803/191302.013:ERROR:crash_report_database_win.cc(428)] unexpected header
[0803/192802.013:ERROR:crash_report_database_win.cc(428)] unexpected header
[0803/194302.014:ERROR:crash_report_database_win.cc(428)] unexpected header
[0803/195802.014:ERROR:crash_report_database_win.cc(428)] unexpected header
[0803/201302.015:ERROR:crash_report_database_win.cc(428)] unexpected header
[0803/202802.017:ERROR:crash_report_database_win.cc(428)] unexpected header
[0803/204302.023:ERROR:crash_report_database_win.cc(428)] unexpected header
[0804/175157.952:ERROR:crash_report_database_win.cc(428)] unexpected header
[0804/180112.992:ERROR:crash_report_database_win.cc(428)] unexpected header
[0805/091110.779:ERROR:crash_report_database_win.cc(428)] unexpected header
[0805/092110.780:ERROR:crash_report_database_win.cc(428)] unexpected header
[0805/092110.781:ERROR:crash_report_database_win.cc(428)] unexpected header
[0805/092610.794:ERROR:crash_report_database_win.cc(428)] unexpected header
[0805/094110.796:ERROR:crash_report_database_win.cc(428)] unexpected header
[0805/095610.796:ERROR:crash_report_database_win.cc(428)] unexpected header
[0805/101110.796:ERROR:crash_report_database_win.cc(428)] unexpected header
[0805/102610.809:ERROR:crash_report_database_win.cc(428)] unexpected header
[0805/104110.811:ERROR:crash_report_database_win.cc(428)] unexpected header
[0805/105610.822:ERROR:crash_report_database_win.cc(428)] unexpected header
[0805/111110.844:ERROR:crash_report_database_win.cc(428)] unexpected header
[0805/112610.845:ERROR:crash_report_database_win.cc(428)] unexpected header
[0805/114110.870:ERROR:crash_report_database_win.cc(428)] unexpected header
[0805/115610.881:ERROR:crash_report_database_win.cc(428)] unexpected header
[0805/121110.946:ERROR:crash_report_database_win.cc(428)] unexpected header
[0805/122610.963:ERROR:crash_report_database_win.cc(428)] unexpected header
[0805/124110.963:ERROR:crash_report_database_win.cc(428)] unexpected header
[0805/125610.966:ERROR:crash_report_database_win.cc(428)] unexpected header
[0805/131110.966:ERROR:crash_report_database_win.cc(428)] unexpected header
[0805/132610.967:ERROR:crash_report_database_win.cc(428)] unexpected header
[0805/134110.968:ERROR:crash_report_database_win.cc(428)] unexpected header
[0805/135610.969:ERROR:crash_report_database_win.cc(428)] unexpected header
[0805/141110.971:ERROR:crash_report_database_win.cc(428)] unexpected header
[0805/142611.019:ERROR:crash_report_database_win.cc(428)] unexpected header
[0805/144111.020:ERROR:crash_report_database_win.cc(428)] unexpected header
[0805/145611.049:ERROR:crash_report_database_win.cc(428)] unexpected header
[0805/151111.068:ERROR:crash_report_database_win.cc(428)] unexpected header
[0805/152611.070:ERROR:crash_report_database_win.cc(428)] unexpected header
[0805/154111.071:ERROR:crash_report_database_win.cc(428)] unexpected header
[0805/155611.071:ERROR:crash_report_database_win.cc(428)] unexpected header
[0805/161111.072:ERROR:crash_report_database_win.cc(428)] unexpected header
[0805/162611.074:ERROR:crash_report_database_win.cc(428)] unexpected header
[0805/164111.113:ERROR:crash_report_database_win.cc(428)] unexpected header
[0805/165611.115:ERROR:crash_report_database_win.cc(428)] unexpected header
[0805/171111.122:ERROR:crash_report_database_win.cc(428)] unexpected header
[0805/172611.123:ERROR:crash_report_database_win.cc(428)] unexpected header
[0805/174111.259:ERROR:crash_report_database_win.cc(428)] unexpected header
[0805/175611.358:ERROR:crash_report_database_win.cc(428)] unexpected header
[0805/181111.358:ERROR:crash_report_database_win.cc(428)] unexpected header
[0805/182611.360:ERROR:crash_report_database_win.cc(428)] unexpected header
[0805/184111.360:ERROR:crash_report_database_win.cc(428)] unexpected header
[0805/185611.361:ERROR:crash_report_database_win.cc(428)] unexpected header
[0805/191111.363:ERROR:crash_report_database_win.cc(428)] unexpected header
[0805/192611.365:ERROR:crash_report_database_win.cc(428)] unexpected header
[0806/090940.878:ERROR:crash_report_database_win.cc(428)] unexpected header
[0806/091940.880:ERROR:crash_report_database_win.cc(428)] unexpected header
[0806/091940.880:ERROR:crash_report_database_win.cc(428)] unexpected header
[0806/092440.893:ERROR:crash_report_database_win.cc(428)] unexpected header
[0806/093940.895:ERROR:crash_report_database_win.cc(428)] unexpected header
[0806/095440.897:ERROR:crash_report_database_win.cc(428)] unexpected header
[0806/100940.898:ERROR:crash_report_database_win.cc(428)] unexpected header
[0806/102440.898:ERROR:crash_report_database_win.cc(428)] unexpected header
[0806/103940.901:ERROR:crash_report_database_win.cc(428)] unexpected header
[0806/105440.902:ERROR:crash_report_database_win.cc(428)] unexpected header
[0806/110940.903:ERROR:crash_report_database_win.cc(428)] unexpected header
[0806/112440.904:ERROR:crash_report_database_win.cc(428)] unexpected header
[0806/113940.906:ERROR:crash_report_database_win.cc(428)] unexpected header
[0806/115440.907:ERROR:crash_report_database_win.cc(428)] unexpected header
[0806/120940.909:ERROR:crash_report_database_win.cc(428)] unexpected header
[0806/122440.910:ERROR:crash_report_database_win.cc(428)] unexpected header
[0806/123940.920:ERROR:crash_report_database_win.cc(428)] unexpected header
[0806/125440.920:ERROR:crash_report_database_win.cc(428)] unexpected header
[0806/130940.921:ERROR:crash_report_database_win.cc(428)] unexpected header
[0806/132440.922:ERROR:crash_report_database_win.cc(428)] unexpected header
[0806/133940.923:ERROR:crash_report_database_win.cc(428)] unexpected header
[0806/135440.924:ERROR:crash_report_database_win.cc(428)] unexpected header
[0806/140940.926:ERROR:crash_report_database_win.cc(428)] unexpected header
[0806/142440.926:ERROR:crash_report_database_win.cc(428)] unexpected header
[0806/143940.929:ERROR:crash_report_database_win.cc(428)] unexpected header
[0806/145440.930:ERROR:crash_report_database_win.cc(428)] unexpected header
[0806/150940.932:ERROR:crash_report_database_win.cc(428)] unexpected header
[0806/152440.932:ERROR:crash_report_database_win.cc(428)] unexpected header
[0806/153940.935:ERROR:crash_report_database_win.cc(428)] unexpected header
[0806/155440.936:ERROR:crash_report_database_win.cc(428)] unexpected header
[0806/160941.115:ERROR:crash_report_database_win.cc(428)] unexpected header
[0806/162441.116:ERROR:crash_report_database_win.cc(428)] unexpected header
[0806/163941.117:ERROR:crash_report_database_win.cc(428)] unexpected header
[0806/165441.118:ERROR:crash_report_database_win.cc(428)] unexpected header
[0806/170941.119:ERROR:crash_report_database_win.cc(428)] unexpected header
[0806/172441.120:ERROR:crash_report_database_win.cc(428)] unexpected header
[0806/173941.122:ERROR:crash_report_database_win.cc(428)] unexpected header
[0806/175441.124:ERROR:crash_report_database_win.cc(428)] unexpected header
[0807/082030.451:ERROR:crash_report_database_win.cc(428)] unexpected header
[0810/103235.395:ERROR:crash_report_database_win.cc(428)] unexpected header
[0810/115004.738:ERROR:crash_report_database_win.cc(428)] unexpected header
[0810/120004.699:ERROR:crash_report_database_win.cc(428)] unexpected header
[0810/120004.699:ERROR:crash_report_database_win.cc(428)] unexpected header
[0810/120504.791:ERROR:crash_report_database_win.cc(428)] unexpected header
[0810/122004.793:ERROR:crash_report_database_win.cc(428)] unexpected header
[0810/123504.794:ERROR:crash_report_database_win.cc(428)] unexpected header
[0810/125004.795:ERROR:crash_report_database_win.cc(428)] unexpected header
[0810/130504.796:ERROR:crash_report_database_win.cc(428)] unexpected header
[0810/132004.797:ERROR:crash_report_database_win.cc(428)] unexpected header
[0810/133504.797:ERROR:crash_report_database_win.cc(428)] unexpected header
[0810/135004.797:ERROR:crash_report_database_win.cc(428)] unexpected header
[0810/140504.799:ERROR:crash_report_database_win.cc(428)] unexpected header
[0810/142004.800:ERROR:crash_report_database_win.cc(428)] unexpected header
[0810/143504.801:ERROR:crash_report_database_win.cc(428)] unexpected header
[0810/145004.802:ERROR:crash_report_database_win.cc(428)] unexpected header
[0810/152020.455:ERROR:crash_report_database_win.cc(428)] unexpected header
[0810/153520.458:ERROR:crash_report_database_win.cc(428)] unexpected header
[0810/155020.459:ERROR:crash_report_database_win.cc(428)] unexpected header
[0810/160520.461:ERROR:crash_report_database_win.cc(428)] unexpected header
[0810/162020.461:ERROR:crash_report_database_win.cc(428)] unexpected header
[0810/163520.461:ERROR:crash_report_database_win.cc(428)] unexpected header
[0810/165020.462:ERROR:crash_report_database_win.cc(428)] unexpected header
[0810/170520.464:ERROR:crash_report_database_win.cc(428)] unexpected header
[0810/172020.464:ERROR:crash_report_database_win.cc(428)] unexpected header
[0810/173520.489:ERROR:crash_report_database_win.cc(428)] unexpected header
[0811/090721.850:ERROR:crash_report_database_win.cc(428)] unexpected header
[0812/090250.128:ERROR:crash_report_database_win.cc(428)] unexpected header
[0812/091250.128:ERROR:crash_report_database_win.cc(428)] unexpected header
[0812/091250.129:ERROR:crash_report_database_win.cc(428)] unexpected header
[0812/091750.201:ERROR:crash_report_database_win.cc(428)] unexpected header
[0812/093250.202:ERROR:crash_report_database_win.cc(428)] unexpected header
[0812/094750.203:ERROR:crash_report_database_win.cc(428)] unexpected header
[0812/100250.206:ERROR:crash_report_database_win.cc(428)] unexpected header
[0812/101750.208:ERROR:crash_report_database_win.cc(428)] unexpected header
[0812/103250.209:ERROR:crash_report_database_win.cc(428)] unexpected header
[0812/104750.210:ERROR:crash_report_database_win.cc(428)] unexpected header
[0812/110250.212:ERROR:crash_report_database_win.cc(428)] unexpected header
[0812/111750.234:ERROR:crash_report_database_win.cc(428)] unexpected header
[0812/112324.598:ERROR:crash_report_database_win.cc(428)] unexpected header
[0812/112857.110:ERROR:crash_report_database_win.cc(428)] unexpected header
[0812/113250.245:ERROR:crash_report_database_win.cc(428)] unexpected header
[0812/114750.246:ERROR:crash_report_database_win.cc(428)] unexpected header
[0812/120250.282:ERROR:crash_report_database_win.cc(428)] unexpected header
[0812/121750.293:ERROR:crash_report_database_win.cc(428)] unexpected header
[0812/123250.296:ERROR:crash_report_database_win.cc(428)] unexpected header
[0812/124750.316:ERROR:crash_report_database_win.cc(428)] unexpected header
[0812/130250.316:ERROR:crash_report_database_win.cc(428)] unexpected header
[0812/131750.317:ERROR:crash_report_database_win.cc(428)] unexpected header
[0812/133250.318:ERROR:crash_report_database_win.cc(428)] unexpected header
[0812/134750.318:ERROR:crash_report_database_win.cc(428)] unexpected header
[0812/141445.494:ERROR:crash_report_database_win.cc(428)] unexpected header
[0812/142945.496:ERROR:crash_report_database_win.cc(428)] unexpected header
[0812/144445.496:ERROR:crash_report_database_win.cc(428)] unexpected header
[0812/145945.496:ERROR:crash_report_database_win.cc(428)] unexpected header
[0812/151445.498:ERROR:crash_report_database_win.cc(428)] unexpected header
[0812/152945.499:ERROR:crash_report_database_win.cc(428)] unexpected header
[0812/154445.500:ERROR:crash_report_database_win.cc(428)] unexpected header
[0812/155945.501:ERROR:crash_report_database_win.cc(428)] unexpected header
[0812/161445.502:ERROR:crash_report_database_win.cc(428)] unexpected header
[0812/162945.502:ERROR:crash_report_database_win.cc(428)] unexpected header
[0812/164445.502:ERROR:crash_report_database_win.cc(428)] unexpected header
[0812/165945.503:ERROR:crash_report_database_win.cc(428)] unexpected header
[0812/171445.504:ERROR:crash_report_database_win.cc(428)] unexpected header
[0812/172945.525:ERROR:crash_report_database_win.cc(428)] unexpected header
[0812/174445.526:ERROR:crash_report_database_win.cc(428)] unexpected header
[0812/175945.527:ERROR:crash_report_database_win.cc(428)] unexpected header
[0812/181445.529:ERROR:crash_report_database_win.cc(428)] unexpected header
[0812/182945.529:ERROR:crash_report_database_win.cc(428)] unexpected header
[0813/111617.805:ERROR:crash_report_database_win.cc(428)] unexpected header
[0814/104641.292:ERROR:crash_report_database_win.cc(428)] unexpected header
[0815/112717.432:ERROR:crash_report_database_win.cc(428)] unexpected header
[0817/154000.967:ERROR:crash_report_database_win.cc(428)] unexpected header
[0817/155000.967:ERROR:crash_report_database_win.cc(428)] unexpected header
[0817/155000.967:ERROR:crash_report_database_win.cc(428)] unexpected header
[0817/155500.987:ERROR:crash_report_database_win.cc(428)] unexpected header
[0817/161000.988:ERROR:crash_report_database_win.cc(428)] unexpected header
[0817/162500.989:ERROR:crash_report_database_win.cc(428)] unexpected header
[0817/164001.216:ERROR:crash_report_database_win.cc(428)] unexpected header
[0817/165501.320:ERROR:crash_report_database_win.cc(428)] unexpected header
[0817/171001.547:ERROR:crash_report_database_win.cc(428)] unexpected header
[0817/172501.654:ERROR:crash_report_database_win.cc(428)] unexpected header
[0817/174001.656:ERROR:crash_report_database_win.cc(428)] unexpected header
[0817/175501.656:ERROR:crash_report_database_win.cc(428)] unexpected header
[0817/181001.657:ERROR:crash_report_database_win.cc(428)] unexpected header
[0817/182501.659:ERROR:crash_report_database_win.cc(428)] unexpected header
[0817/184001.660:ERROR:crash_report_database_win.cc(428)] unexpected header
[0817/185501.660:ERROR:crash_report_database_win.cc(428)] unexpected header
[0817/191001.661:ERROR:crash_report_database_win.cc(428)] unexpected header
[0817/192501.661:ERROR:crash_report_database_win.cc(428)] unexpected header
[0817/194001.662:ERROR:crash_report_database_win.cc(428)] unexpected header
[0817/195501.676:ERROR:crash_report_database_win.cc(428)] unexpected header
[0817/201001.676:ERROR:crash_report_database_win.cc(428)] unexpected header
[0818/091915.755:ERROR:crash_report_database_win.cc(428)] unexpected header
[0818/094113.773:ERROR:crash_report_database_win.cc(428)] unexpected header
[0818/094543.094:ERROR:crash_report_database_win.cc(428)] unexpected header
[0818/134329.920:ERROR:crash_report_database_win.cc(428)] unexpected header
[0818/153928.468:ERROR:crash_report_database_win.cc(428)] unexpected header
[0826/135347.751:ERROR:process_reader_win.cc(151)] SuspendThread: Access is denied. (0x5)
[1102/141030.383:ERROR:filesystem_win.cc(129)] GetFileAttributes C:\Users\PHOENIX\AppData\Local\Google\Chrome\User Data\Crashpad\attachments\0a761c4e-2038-405e-9560-bb1347f41a5e: The system cannot find the path specified. (0x3)
[1102/141030.400:ERROR:directory_reader_win.cc(43)] FindFirstFile: The system cannot find the path specified. (0x3)
[1117/095840.139:ERROR:directory_reader_win.cc(43)] FindFirstFile: The system cannot find the path specified. (0x3)
